{"C:\\Users\\hp\\Downloads\\portfolio-full-stack\\backend_react\\controllers\\projectController.js": {"path":"C:\\Users\\hp\\Downloads\\portfolio-full-stack\\backend_react\\controllers\\projectController.js","statementMap":{"0":{"start":{"line":1,"column":16},"end":{"line":1,"column":44}},"1":{"start":{"line":8,"column":22},"end":{"line":40,"column":1}},"2":{"start":{"line":9,"column":2},"end":{"line":39,"column":3}},"3":{"start":{"line":10,"column":106},"end":{"line":10,"column":114}},"4":{"start":{"line":13,"column":4},"end":{"line":18,"column":5}},"5":{"start":{"line":14,"column":6},"end":{"line":17,"column":9}},"6":{"start":{"line":20,"column":19},"end":{"line":25,"column":6}},"7":{"start":{"line":27,"column":4},"end":{"line":31,"column":7}},"8":{"start":{"line":34,"column":4},"end":{"line":37,"column":5}},"9":{"start":{"line":35,"column":23},"end":{"line":35,"column":72}},"10":{"start":{"line":35,"column":62},"end":{"line":35,"column":71}},"11":{"start":{"line":36,"column":6},"end":{"line":36,"column":84}},"12":{"start":{"line":38,"column":4},"end":{"line":38,"column":94}},"13":{"start":{"line":47,"column":23},"end":{"line":68,"column":1}},"14":{"start":{"line":48,"column":2},"end":{"line":67,"column":3}},"15":{"start":{"line":49,"column":29},"end":{"line":49,"column":38}},"16":{"start":{"line":52,"column":19},"end":{"line":52,"column":41}},"17":{"start":{"line":53,"column":4},"end":{"line":53,"column":39}},"18":{"start":{"line":53,"column":16},"end":{"line":53,"column":39}},"19":{"start":{"line":56,"column":23},"end":{"line":56,"column":43}},"20":{"start":{"line":58,"column":20},"end":{"line":58,"column":63}},"21":{"start":{"line":60,"column":4},"end":{"line":64,"column":7}},"22":{"start":{"line":66,"column":4},"end":{"line":66,"column":94}},"23":{"start":{"line":75,"column":23},"end":{"line":97,"column":1}},"24":{"start":{"line":76,"column":2},"end":{"line":96,"column":3}},"25":{"start":{"line":77,"column":19},"end":{"line":77,"column":56}},"26":{"start":{"line":79,"column":4},"end":{"line":84,"column":5}},"27":{"start":{"line":80,"column":6},"end":{"line":83,"column":9}},"28":{"start":{"line":86,"column":4},"end":{"line":89,"column":7}},"29":{"start":{"line":92,"column":4},"end":{"line":94,"column":5}},"30":{"start":{"line":93,"column":6},"end":{"line":93,"column":88}},"31":{"start":{"line":95,"column":4},"end":{"line":95,"column":94}},"32":{"start":{"line":104,"column":22},"end":{"line":137,"column":1}},"33":{"start":{"line":105,"column":2},"end":{"line":136,"column":3}},"34":{"start":{"line":106,"column":19},"end":{"line":113,"column":5}},"35":{"start":{"line":115,"column":4},"end":{"line":120,"column":5}},"36":{"start":{"line":116,"column":6},"end":{"line":119,"column":9}},"37":{"start":{"line":122,"column":4},"end":{"line":126,"column":7}},"38":{"start":{"line":128,"column":4},"end":{"line":130,"column":5}},"39":{"start":{"line":129,"column":6},"end":{"line":129,"column":88}},"40":{"start":{"line":131,"column":4},"end":{"line":134,"column":5}},"41":{"start":{"line":132,"column":23},"end":{"line":132,"column":72}},"42":{"start":{"line":132,"column":62},"end":{"line":132,"column":71}},"43":{"start":{"line":133,"column":6},"end":{"line":133,"column":84}},"44":{"start":{"line":135,"column":4},"end":{"line":135,"column":94}},"45":{"start":{"line":144,"column":22},"end":{"line":173,"column":1}},"46":{"start":{"line":145,"column":2},"end":{"line":172,"column":3}},"47":{"start":{"line":146,"column":19},"end":{"line":153,"column":5}},"48":{"start":{"line":155,"column":4},"end":{"line":160,"column":5}},"49":{"start":{"line":156,"column":6},"end":{"line":159,"column":9}},"50":{"start":{"line":162,"column":4},"end":{"line":166,"column":7}},"51":{"start":{"line":168,"column":4},"end":{"line":170,"column":5}},"52":{"start":{"line":169,"column":6},"end":{"line":169,"column":88}},"53":{"start":{"line":171,"column":4},"end":{"line":171,"column":94}},"54":{"start":{"line":180,"column":25},"end":{"line":192,"column":1}},"55":{"start":{"line":181,"column":2},"end":{"line":191,"column":3}},"56":{"start":{"line":182,"column":20},"end":{"line":182,"column":86}},"57":{"start":{"line":184,"column":4},"end":{"line":188,"column":7}},"58":{"start":{"line":190,"column":4},"end":{"line":190,"column":94}},"59":{"start":{"line":199,"column":23},"end":{"line":228,"column":1}},"60":{"start":{"line":200,"column":2},"end":{"line":227,"column":3}},"61":{"start":{"line":201,"column":19},"end":{"line":208,"column":5}},"62":{"start":{"line":210,"column":4},"end":{"line":215,"column":5}},"63":{"start":{"line":211,"column":6},"end":{"line":214,"column":9}},"64":{"start":{"line":217,"column":4},"end":{"line":221,"column":7}},"65":{"start":{"line":223,"column":4},"end":{"line":225,"column":5}},"66":{"start":{"line":224,"column":6},"end":{"line":224,"column":88}},"67":{"start":{"line":226,"column":4},"end":{"line":226,"column":94}},"68":{"start":{"line":235,"column":33},"end":{"line":257,"column":1}},"69":{"start":{"line":236,"column":2},"end":{"line":256,"column":3}},"70":{"start":{"line":237,"column":19},"end":{"line":237,"column":65}},"71":{"start":{"line":239,"column":4},"end":{"line":244,"column":5}},"72":{"start":{"line":240,"column":6},"end":{"line":243,"column":9}},"73":{"start":{"line":246,"column":4},"end":{"line":250,"column":7}},"74":{"start":{"line":252,"column":4},"end":{"line":254,"column":5}},"75":{"start":{"line":253,"column":6},"end":{"line":253,"column":88}},"76":{"start":{"line":255,"column":4},"end":{"line":255,"column":94}},"77":{"start":{"line":259,"column":0},"end":{"line":268,"column":2}}},"fnMap":{"0":{"name":"(anonymous_0)","decl":{"start":{"line":8,"column":22},"end":{"line":8,"column":23}},"loc":{"start":{"line":8,"column":42},"end":{"line":40,"column":1}},"line":8},"1":{"name":"(anonymous_1)","decl":{"start":{"line":35,"column":55},"end":{"line":35,"column":56}},"loc":{"start":{"line":35,"column":62},"end":{"line":35,"column":71}},"line":35},"2":{"name":"(anonymous_2)","decl":{"start":{"line":47,"column":23},"end":{"line":47,"column":24}},"loc":{"start":{"line":47,"column":43},"end":{"line":68,"column":1}},"line":47},"3":{"name":"(anonymous_3)","decl":{"start":{"line":75,"column":23},"end":{"line":75,"column":24}},"loc":{"start":{"line":75,"column":43},"end":{"line":97,"column":1}},"line":75},"4":{"name":"(anonymous_4)","decl":{"start":{"line":104,"column":22},"end":{"line":104,"column":23}},"loc":{"start":{"line":104,"column":42},"end":{"line":137,"column":1}},"line":104},"5":{"name":"(anonymous_5)","decl":{"start":{"line":132,"column":55},"end":{"line":132,"column":56}},"loc":{"start":{"line":132,"column":62},"end":{"line":132,"column":71}},"line":132},"6":{"name":"(anonymous_6)","decl":{"start":{"line":144,"column":22},"end":{"line":144,"column":23}},"loc":{"start":{"line":144,"column":42},"end":{"line":173,"column":1}},"line":144},"7":{"name":"(anonymous_7)","decl":{"start":{"line":180,"column":25},"end":{"line":180,"column":26}},"loc":{"start":{"line":180,"column":45},"end":{"line":192,"column":1}},"line":180},"8":{"name":"(anonymous_8)","decl":{"start":{"line":199,"column":23},"end":{"line":199,"column":24}},"loc":{"start":{"line":199,"column":43},"end":{"line":228,"column":1}},"line":199},"9":{"name":"(anonymous_9)","decl":{"start":{"line":235,"column":33},"end":{"line":235,"column":34}},"loc":{"start":{"line":235,"column":53},"end":{"line":257,"column":1}},"line":235}},"branchMap":{"0":{"loc":{"start":{"line":13,"column":4},"end":{"line":18,"column":5}},"type":"if","locations":[{"start":{"line":13,"column":4},"end":{"line":18,"column":5}},{"start":{},"end":{}}],"line":13},"1":{"loc":{"start":{"line":13,"column":8},"end":{"line":13,"column":47}},"type":"binary-expr","locations":[{"start":{"line":13,"column":8},"end":{"line":13,"column":14}},{"start":{"line":13,"column":18},"end":{"line":13,"column":30}},{"start":{"line":13,"column":34},"end":{"line":13,"column":47}}],"line":13},"2":{"loc":{"start":{"line":34,"column":4},"end":{"line":37,"column":5}},"type":"if","locations":[{"start":{"line":34,"column":4},"end":{"line":37,"column":5}},{"start":{},"end":{}}],"line":34},"3":{"loc":{"start":{"line":53,"column":4},"end":{"line":53,"column":39}},"type":"if","locations":[{"start":{"line":53,"column":4},"end":{"line":53,"column":39}},{"start":{},"end":{}}],"line":53},"4":{"loc":{"start":{"line":56,"column":23},"end":{"line":56,"column":43}},"type":"binary-expr","locations":[{"start":{"line":56,"column":23},"end":{"line":56,"column":27}},{"start":{"line":56,"column":31},"end":{"line":56,"column":43}}],"line":56},"5":{"loc":{"start":{"line":79,"column":4},"end":{"line":84,"column":5}},"type":"if","locations":[{"start":{"line":79,"column":4},"end":{"line":84,"column":5}},{"start":{},"end":{}}],"line":79},"6":{"loc":{"start":{"line":92,"column":4},"end":{"line":94,"column":5}},"type":"if","locations":[{"start":{"line":92,"column":4},"end":{"line":94,"column":5}},{"start":{},"end":{}}],"line":92},"7":{"loc":{"start":{"line":115,"column":4},"end":{"line":120,"column":5}},"type":"if","locations":[{"start":{"line":115,"column":4},"end":{"line":120,"column":5}},{"start":{},"end":{}}],"line":115},"8":{"loc":{"start":{"line":128,"column":4},"end":{"line":130,"column":5}},"type":"if","locations":[{"start":{"line":128,"column":4},"end":{"line":130,"column":5}},{"start":{},"end":{}}],"line":128},"9":{"loc":{"start":{"line":131,"column":4},"end":{"line":134,"column":5}},"type":"if","locations":[{"start":{"line":131,"column":4},"end":{"line":134,"column":5}},{"start":{},"end":{}}],"line":131},"10":{"loc":{"start":{"line":155,"column":4},"end":{"line":160,"column":5}},"type":"if","locations":[{"start":{"line":155,"column":4},"end":{"line":160,"column":5}},{"start":{},"end":{}}],"line":155},"11":{"loc":{"start":{"line":168,"column":4},"end":{"line":170,"column":5}},"type":"if","locations":[{"start":{"line":168,"column":4},"end":{"line":170,"column":5}},{"start":{},"end":{}}],"line":168},"12":{"loc":{"start":{"line":210,"column":4},"end":{"line":215,"column":5}},"type":"if","locations":[{"start":{"line":210,"column":4},"end":{"line":215,"column":5}},{"start":{},"end":{}}],"line":210},"13":{"loc":{"start":{"line":223,"column":4},"end":{"line":225,"column":5}},"type":"if","locations":[{"start":{"line":223,"column":4},"end":{"line":225,"column":5}},{"start":{},"end":{}}],"line":223},"14":{"loc":{"start":{"line":239,"column":4},"end":{"line":244,"column":5}},"type":"if","locations":[{"start":{"line":239,"column":4},"end":{"line":244,"column":5}},{"start":{},"end":{}}],"line":239},"15":{"loc":{"start":{"line":252,"column":4},"end":{"line":254,"column":5}},"type":"if","locations":[{"start":{"line":252,"column":4},"end":{"line":254,"column":5}},{"start":{},"end":{}}],"line":252}},"s":{"0":1,"1":1,"2":6,"3":6,"4":6,"5":2,"6":4,"7":4,"8":0,"9":0,"10":0,"11":0,"12":0,"13":1,"14":2,"15":2,"16":2,"17":2,"18":0,"19":2,"20":2,"21":2,"22":0,"23":1,"24":2,"25":2,"26":2,"27":1,"28":1,"29":0,"30":0,"31":0,"32":1,"33":0,"34":0,"35":0,"36":0,"37":0,"38":0,"39":0,"40":0,"41":0,"42":0,"43":0,"44":0,"45":1,"46":1,"47":1,"48":1,"49":0,"50":1,"51":0,"52":0,"53":0,"54":1,"55":0,"56":0,"57":0,"58":0,"59":1,"60":0,"61":0,"62":0,"63":0,"64":0,"65":0,"66":0,"67":0,"68":1,"69":0,"70":0,"71":0,"72":0,"73":0,"74":0,"75":0,"76":0,"77":1},"f":{"0":6,"1":0,"2":2,"3":2,"4":0,"5":0,"6":1,"7":0,"8":0,"9":0},"b":{"0":[2,4],"1":[6,5,4],"2":[0,0],"3":[0,2],"4":[2,2],"5":[1,1],"6":[0,0],"7":[0,0],"8":[0,0],"9":[0,0],"10":[0,1],"11":[0,0],"12":[0,0],"13":[0,0],"14":[0,0],"15":[0,0]},"_coverageSchema":"1a1c01bbd47fc00a2c39e90264f33305004495a9","hash":"6081f436466771a314889826c8c2493591212914"}
,"C:\\Users\\hp\\Downloads\\portfolio-full-stack\\backend_react\\models\\Project.js": {"path":"C:\\Users\\hp\\Downloads\\portfolio-full-stack\\backend_react\\models\\Project.js","statementMap":{"0":{"start":{"line":1,"column":17},"end":{"line":1,"column":36}},"1":{"start":{"line":3,"column":22},"end":{"line":60,"column":1}},"2":{"start":{"line":62,"column":16},"end":{"line":62,"column":56}},"3":{"start":{"line":64,"column":0},"end":{"line":64,"column":25}}},"fnMap":{},"branchMap":{},"s":{"0":1,"1":1,"2":1,"3":1},"f":{},"b":{},"_coverageSchema":"1a1c01bbd47fc00a2c39e90264f33305004495a9","hash":"e8a3d7f40e090518aa75e504c94ac1a90009c871"}
}
