TN:
SF:controllers\projectController.js
FN:8,(anonymous_0)
FN:35,(anonymous_1)
FN:47,(anonymous_2)
FN:75,(anonymous_3)
FN:104,(anonymous_4)
FN:132,(anonymous_5)
FN:144,(anonymous_6)
FN:180,(anonymous_7)
FN:199,(anonymous_8)
FN:235,(anonymous_9)
FNF:10
FNH:4
FNDA:6,(anonymous_0)
FNDA:0,(anonymous_1)
FNDA:2,(anonymous_2)
FNDA:2,(anonymous_3)
FNDA:0,(anonymous_4)
FNDA:0,(anonymous_5)
FNDA:1,(anonymous_6)
FNDA:0,(anonymous_7)
FNDA:0,(anonymous_8)
FNDA:0,(anonymous_9)
DA:1,1
DA:8,1
DA:9,6
DA:10,6
DA:13,6
DA:14,2
DA:20,4
DA:27,4
DA:34,0
DA:35,0
DA:36,0
DA:38,0
DA:47,1
DA:48,2
DA:49,2
DA:52,2
DA:53,2
DA:56,2
DA:58,2
DA:60,2
DA:66,0
DA:75,1
DA:76,2
DA:77,2
DA:79,2
DA:80,1
DA:86,1
DA:92,0
DA:93,0
DA:95,0
DA:104,1
DA:105,0
DA:106,0
DA:115,0
DA:116,0
DA:122,0
DA:128,0
DA:129,0
DA:131,0
DA:132,0
DA:133,0
DA:135,0
DA:144,1
DA:145,1
DA:146,1
DA:155,1
DA:156,0
DA:162,1
DA:168,0
DA:169,0
DA:171,0
DA:180,1
DA:181,0
DA:182,0
DA:184,0
DA:190,0
DA:199,1
DA:200,0
DA:201,0
DA:210,0
DA:211,0
DA:217,0
DA:223,0
DA:224,0
DA:226,0
DA:235,1
DA:236,0
DA:237,0
DA:239,0
DA:240,0
DA:246,0
DA:252,0
DA:253,0
DA:255,0
DA:259,1
LF:75
LH:32
BRDA:13,0,0,2
BRDA:13,0,1,4
BRDA:13,1,0,6
BRDA:13,1,1,5
BRDA:13,1,2,4
BRDA:34,2,0,0
BRDA:34,2,1,0
BRDA:53,3,0,0
BRDA:53,3,1,2
BRDA:56,4,0,2
BRDA:56,4,1,2
BRDA:79,5,0,1
BRDA:79,5,1,1
BRDA:92,6,0,0
BRDA:92,6,1,0
BRDA:115,7,0,0
BRDA:115,7,1,0
BRDA:128,8,0,0
BRDA:128,8,1,0
BRDA:131,9,0,0
BRDA:131,9,1,0
BRDA:155,10,0,0
BRDA:155,10,1,1
BRDA:168,11,0,0
BRDA:168,11,1,0
BRDA:210,12,0,0
BRDA:210,12,1,0
BRDA:223,13,0,0
BRDA:223,13,1,0
BRDA:239,14,0,0
BRDA:239,14,1,0
BRDA:252,15,0,0
BRDA:252,15,1,0
BRF:33
BRH:11
end_of_record
TN:
SF:models\Project.js
FNF:0
FNH:0
DA:1,1
DA:3,1
DA:62,1
DA:64,1
LF:4
LH:4
BRF:0
BRH:0
end_of_record
